<?xml version="1.0" encoding="UTF-8"?>
<!-- Generated by org.testng.reporters.JUnitReportReporter -->
<testsuite skipped="4" hostname="DESKTOP-PBR703L" name="tests.TestNGConcepts" tests="7" failures="0" timestamp="13 Jul 2020 17:04:08 GMT" time="0.029" errors="0">
  <testcase name="logout" time="0.002" classname="tests.TestNGConcepts"/>
  <testcase name="dashborad" time="0.007" classname="tests.TestNGConcepts"/>
  <testcase name="customerPage" time="0.020" classname="tests.TestNGConcepts"/>
  <testcase name="homePage" classname="tests.TestNGConcepts">
    <skipped/>
  </testcase> <!-- homePage -->
  <testcase name="signOut" classname="tests.TestNGConcepts">
    <skipped/>
  </testcase> <!-- signOut -->
  <testcase name="homePageLogout" classname="tests.TestNGConcepts">
    <skipped/>
  </testcase> <!-- homePageLogout -->
  <testcase name="signIn" classname="tests.TestNGConcepts">
    <skipped/>
  </testcase> <!-- signIn -->
</testsuite> <!-- tests.TestNGConcepts -->
