<?xml version="1.0" encoding="UTF-8"?>
<!-- Generated by org.testng.reporters.JUnitReportReporter -->
<testsuite skipped="4" hostname="DESKTOP-PBR703L" name="tests.HotelLogin" tests="6" failures="0" timestamp="11 Jul 2020 13:58:48 GMT" time="30.396" errors="0">
  <testcase name="loginWithParameters" time="20.917" classname="tests.HotelLogin"/>
  <testcase name="testThree" time="9.479" classname="tests.HotelLogin"/>
  <testcase name="loginToHotelPage" classname="tests.HotelLogin">
    <skipped/>
  </testcase> <!-- loginToHotelPage -->
  <testcase name="testFive" classname="tests.HotelLogin">
    <skipped/>
  </testcase> <!-- testFive -->
  <testcase name="testSix" classname="tests.HotelLogin">
    <skipped/>
  </testcase> <!-- testSix -->
  <testcase name="testFour" classname="tests.HotelLogin">
    <skipped/>
  </testcase> <!-- testFour -->
</testsuite> <!-- tests.HotelLogin -->
